<?xml version="1.0" encoding="utf-8"?><testsuites name="pytest tests"><testsuite name="pytest" errors="0" failures="0" skipped="0" tests="17" time="1.148" timestamp="2026-08-29T22:52:00.728894+00:00" hostname="agent-env-40099904-da55-4951-b182-0c00c2c3708c"><testcase classname="tests.backend_test.TestReference" name="test_ttv_quiz" time="0.229" /><testcase classname="tests.backend_test.TestMetiersList" name="test_all_metiers" time="0.274" /><testcase classname="tests.backend_test.TestReference" name="test_minisim_data" time="0.085" /><testcase classname="tests.backend_test.TestMetiersList" name="test_filter_tech" time="0.054" /><testcase classname="tests.backend_test.TestReference" name="test_faq" time="0.045" /><testcase classname="tests.backend_test.TestMetiersList" name="test_filter_sante" time="0.050" /><testcase classname="tests.backend_test.TestReference" name="test_ref_unknown_404" time="0.086" /><testcase classname="tests.backend_test.TestMetiersList" name="test_text_search_psychologue" time="0.060" /><testcase classname="tests.backend_test.TestMetiersList" name="test_filter_unknown_sector" time="0.051" /><testcase classname="tests.backend_test.TestSimulation" name="test_preview_paris" time="0.058" /><testcase classname="tests.backend_test.TestMetierDetail" name="test_get_metier" time="0.052" /><testcase classname="tests.backend_test.TestSimulation" name="test_preview_fallback_moyenne" time="0.097" /><testcase classname="tests.backend_test.TestMetierDetail" name="test_get_metier_404" time="0.053" /><testcase classname="tests.backend_test.TestRoot" name="test_root_info" time="0.049" /><testcase classname="tests.backend_test.TestSimulation" name="test_preview_404" time="0.045" /><testcase classname="tests.backend_test.TestSecteurs" name="test_list_secteurs" time="0.056" /><testcase classname="tests.backend_test.TestRessources" name="test_ressources" time="0.049" /></testsuite></testsuites>