<?xml version="1.0" encoding="utf-8"?><testsuites name="pytest tests"><testsuite name="pytest" errors="0" failures="0" skipped="0" tests="17" time="1.506" timestamp="2026-08-28T00:45:07.300702+00:00" hostname="agent-env-40099904-da55-4951-b182-0c00c2c3708c"><testcase classname="tests.backend_test.TestReference" name="test_ttv_quiz" time="0.315" /><testcase classname="tests.backend_test.TestMetiersList" name="test_all_metiers" time="0.252" /><testcase classname="tests.backend_test.TestMetiersList" name="test_filter_tech" time="0.070" /><testcase classname="tests.backend_test.TestReference" name="test_minisim_data" time="0.057" /><testcase classname="tests.backend_test.TestMetiersList" name="test_filter_sante" time="0.057" /><testcase classname="tests.backend_test.TestReference" name="test_faq" time="0.058" /><testcase classname="tests.backend_test.TestMetiersList" name="test_text_search_psychologue" time="0.057" /><testcase classname="tests.backend_test.TestReference" name="test_ref_unknown_404" time="0.056" /><testcase classname="tests.backend_test.TestMetiersList" name="test_filter_unknown_sector" time="0.097" /><testcase classname="tests.backend_test.TestSimulation" name="test_preview_paris" time="0.098" /><testcase classname="tests.backend_test.TestMetierDetail" name="test_get_metier" time="0.061" /><testcase classname="tests.backend_test.TestSimulation" name="test_preview_fallback_moyenne" time="0.054" /><testcase classname="tests.backend_test.TestMetierDetail" name="test_get_metier_404" time="0.089" /><testcase classname="tests.backend_test.TestSimulation" name="test_preview_404" time="0.095" /><testcase classname="tests.backend_test.TestRoot" name="test_root_info" time="0.129" /><testcase classname="tests.backend_test.TestSecteurs" name="test_list_secteurs" time="0.057" /><testcase classname="tests.backend_test.TestRessources" name="test_ressources" time="0.055" /></testsuite></testsuites>